[ 2017-07-21T09:44:56+08:00 ] ::1 /index.php/Admin/public/dologin
INFO: [ app_begin ] --START--
INFO: Run Behavior\ReadHtmlCacheBehavior [ RunTime:0.000519s ]
INFO: Run Behavior\CheckLangBehavior [ RunTime:0.001183s ]
INFO: Run Common\Behavior\UrldecodeGetBehavior [ RunTime:0.000378s ]
INFO: [ app_begin ] --END-- [ RunTime:0.002472s ]
INFO: [ admin_begin ] --START--
INFO: Run Common\Behavior\AdminDefaultLangBehavior [ RunTime:0.001517s ]
INFO: [ admin_begin ] --END-- [ RunTime:0.001551s ]

[ 2017-07-21T09:45:00+08:00 ] ::1 /index.php/Admin/public/dologin
INFO: [ app_begin ] --START--
INFO: Run Behavior\ReadHtmlCacheBehavior [ RunTime:0.000517s ]
INFO: Run Behavior\CheckLangBehavior [ RunTime:0.001117s ]
INFO: Run Common\Behavior\UrldecodeGetBehavior [ RunTime:0.000338s ]
INFO: [ app_begin ] --END-- [ RunTime:0.002321s ]
INFO: [ admin_begin ] --START--
INFO: Run Common\Behavior\AdminDefaultLangBehavior [ RunTime:0.001211s ]
INFO: [ admin_begin ] --END-- [ RunTime:0.001255s ]
SQL: SHOW COLUMNS FROM `cmf_users` [ RunTime:0.0153s ]
SQL: SELECT * FROM `cmf_users` WHERE `user_login` = 'admin' LIMIT 1   [ RunTime:0.0003s ]
SQL: SHOW COLUMNS FROM `cmf_role_user` [ RunTime:0.0031s ]
SQL: SELECT `role_id` FROM cmf_role_user a INNER JOIN cmf_role as b on a.role_id =b.id  WHERE `user_id` = '1' AND `status` = 1  [ RunTime:0.0003s ]
SQL: UPDATE `cmf_users` SET `user_login`='admin',`user_pass`='###1909f311d53a8fdb27fbe393fb2b424c',`user_nicename`='admin',`user_email`='1274599189@qq.com',`user_url`='',`avatar`=NULL,`sex`='0',`birthday`='2000-01-01',`signature`=NULL,`last_login_ip`='0.0.0.0',`last_login_time`='2017-07-21 09:45:00',`create_time`='2017-07-04 11:23:06',`user_activation_key`='',`user_status`='1',`score`='0',`user_type`='1',`coin`='0',`mobile`='' WHERE `id` = '1' [ RunTime:0.0050s ]

