[ 2017-07-20T10:33:21+08:00 ] ::1 /index.php/Admin/Menu/index
NOTIC: D方法实例化没找到模型类Common\Model\AuthRuleModel

[ 2017-07-20T10:33:26+08:00 ] ::1 /index.php/Admin/Menu/listorders
INFO: [ app_begin ] --START--
INFO: Run Behavior\ReadHtmlCacheBehavior [ RunTime:0.000455s ]
INFO: Run Behavior\CheckLangBehavior [ RunTime:0.001780s ]
INFO: Run Common\Behavior\UrldecodeGetBehavior [ RunTime:0.000366s ]
INFO: [ app_begin ] --END-- [ RunTime:0.002950s ]
INFO: [ admin_begin ] --START--
INFO: Run Common\Behavior\AdminDefaultLangBehavior [ RunTime:0.001657s ]
INFO: [ admin_begin ] --END-- [ RunTime:0.001695s ]
SQL: SHOW COLUMNS FROM `cmf_users` [ RunTime:0.0152s ]
SQL: SELECT * FROM `cmf_users` WHERE `id` = '1' LIMIT 1   [ RunTime:0.0003s ]
SQL: SHOW COLUMNS FROM `cmf_menu` [ RunTime:0.0037s ]
NOTIC: D方法实例化没找到模型类Common\Model\AuthRuleModel
SQL: SHOW COLUMNS FROM `cmf_auth_rule` [ RunTime:0.0034s ]
SQL: UPDATE `cmf_menu` SET `listorder`='0' WHERE `id` = 109 [ RunTime:0.0002s ]
SQL: UPDATE `cmf_menu` SET `listorder`='0' WHERE `id` = 110 [ RunTime:0.0002s ]
SQL: UPDATE `cmf_menu` SET `listorder`='0' WHERE `id` = 111 [ RunTime:0.0001s ]
SQL: UPDATE `cmf_menu` SET `listorder`='0' WHERE `id` = 112 [ RunTime:0.0001s ]
SQL: UPDATE `cmf_menu` SET `listorder`='0' WHERE `id` = 113 [ RunTime:0.0001s ]
SQL: UPDATE `cmf_menu` SET `listorder`='0' WHERE `id` = 114 [ RunTime:0.0001s ]
SQL: UPDATE `cmf_menu` SET `listorder`='0' WHERE `id` = 115 [ RunTime:0.0001s ]
SQL: UPDATE `cmf_menu` SET `listorder`='0' WHERE `id` = 116 [ RunTime:0.0001s ]
SQL: UPDATE `cmf_menu` SET `listorder`='0' WHERE `id` = 117 [ RunTime:0.0001s ]
SQL: UPDATE `cmf_menu` SET `listorder`='0' WHERE `id` = 118 [ RunTime:0.0001s ]
SQL: UPDATE `cmf_menu` SET `listorder`='0' WHERE `id` = 119 [ RunTime:0.0001s ]
SQL: UPDATE `cmf_menu` SET `listorder`='0' WHERE `id` = 120 [ RunTime:0.0001s ]
SQL: UPDATE `cmf_menu` SET `listorder`='0' WHERE `id` = 121 [ RunTime:0.0001s ]
SQL: UPDATE `cmf_menu` SET `listorder`='0' WHERE `id` = 122 [ RunTime:0.0001s ]
SQL: UPDATE `cmf_menu` SET `listorder`='0' WHERE `id` = 123 [ RunTime:0.0001s ]
SQL: UPDATE `cmf_menu` SET `listorder`='0' WHERE `id` = 124 [ RunTime:0.0001s ]
SQL: UPDATE `cmf_menu` SET `listorder`='0' WHERE `id` = 125 [ RunTime:0.0001s ]
SQL: UPDATE `cmf_menu` SET `listorder`='0' WHERE `id` = 126 [ RunTime:0.0001s ]
SQL: UPDATE `cmf_menu` SET `listorder`='0' WHERE `id` = 127 [ RunTime:0.0001s ]
SQL: UPDATE `cmf_menu` SET `listorder`='0' WHERE `id` = 128 [ RunTime:0.0001s ]
SQL: UPDATE `cmf_menu` SET `listorder`='0' WHERE `id` = 166 [ RunTime:0.0001s ]
SQL: UPDATE `cmf_menu` SET `listorder`='0' WHERE `id` = 129 [ RunTime:0.0001s ]
SQL: UPDATE `cmf_menu` SET `listorder`='0' WHERE `id` = 130 [ RunTime:0.0001s ]
SQL: UPDATE `cmf_menu` SET `listorder`='0' WHERE `id` = 156 [ RunTime:0.0001s ]
SQL: UPDATE `cmf_menu` SET `listorder`='0' WHERE `id` = 157 [ RunTime:0.0001s ]
SQL: UPDATE `cmf_menu` SET `listorder`='0' WHERE `id` = 167 [ RunTime:0.0001s ]
SQL: UPDATE `cmf_menu` SET `listorder`='0' WHERE `id` = 168 [ RunTime:0.0001s ]
SQL: UPDATE `cmf_menu` SET `listorder`='1' WHERE `id` = 131 [ RunTime:0.0001s ]
SQL: UPDATE `cmf_menu` SET `listorder`='10' WHERE `id` = 132 [ RunTime:0.0001s ]
SQL: UPDATE `cmf_menu` SET `listorder`='0' WHERE `id` = 133 [ RunTime:0.0001s ]
SQL: UPDATE `cmf_menu` SET `listorder`='0' WHERE `id` = 134 [ RunTime:0.0001s ]
SQL: UPDATE `cmf_menu` SET `listorder`='0' WHERE `id` = 135 [ RunTime:0.0001s ]
SQL: UPDATE `cmf_menu` SET `listorder`='0' WHERE `id` = 136 [ RunTime:0.0001s ]
SQL: UPDATE `cmf_menu` SET `listorder`='0' WHERE `id` = 137 [ RunTime:0.0001s ]
SQL: UPDATE `cmf_menu` SET `listorder`='0' WHERE `id` = 138 [ RunTime:0.0001s ]
SQL: UPDATE `cmf_menu` SET `listorder`='0' WHERE `id` = 139 [ RunTime:0.0001s ]
SQL: UPDATE `cmf_menu` SET `listorder`='0' WHERE `id` = 140 [ RunTime:0.0001s ]
SQL: UPDATE `cmf_menu` SET `listorder`='1000' WHERE `id` = 141 [ RunTime:0.0001s ]
SQL: UPDATE `cmf_menu` SET `listorder`='1000' WHERE `id` = 142 [ RunTime:0.0001s ]
SQL: UPDATE `cmf_menu` SET `listorder`='0' WHERE `id` = 143 [ RunTime:0.0001s ]
SQL: UPDATE `cmf_menu` SET `listorder`='1000' WHERE `id` = 144 [ RunTime:0.0001s ]
SQL: UPDATE `cmf_menu` SET `listorder`='0' WHERE `id` = 145 [ RunTime:0.0001s ]
SQL: UPDATE `cmf_menu` SET `listorder`='1000' WHERE `id` = 146 [ RunTime:0.0001s ]
SQL: UPDATE `cmf_menu` SET `listorder`='1000' WHERE `id` = 147 [ RunTime:0.0002s ]
SQL: UPDATE `cmf_menu` SET `listorder`='0' WHERE `id` = 148 [ RunTime:0.0001s ]
SQL: UPDATE `cmf_menu` SET `listorder`='0' WHERE `id` = 149 [ RunTime:0.0001s ]
SQL: UPDATE `cmf_menu` SET `listorder`='0' WHERE `id` = 160 [ RunTime:0.0001s ]
SQL: UPDATE `cmf_menu` SET `listorder`='0' WHERE `id` = 161 [ RunTime:0.0001s ]
SQL: UPDATE `cmf_menu` SET `listorder`='1000' WHERE `id` = 150 [ RunTime:0.0001s ]
SQL: UPDATE `cmf_menu` SET `listorder`='1000' WHERE `id` = 151 [ RunTime:0.0001s ]
SQL: UPDATE `cmf_menu` SET `listorder`='0' WHERE `id` = 152 [ RunTime:0.0001s ]
SQL: UPDATE `cmf_menu` SET `listorder`='1000' WHERE `id` = 153 [ RunTime:0.0001s ]
SQL: UPDATE `cmf_menu` SET `listorder`='0' WHERE `id` = 154 [ RunTime:0.0001s ]
SQL: UPDATE `cmf_menu` SET `listorder`='15' WHERE `id` = 188 [ RunTime:0.0001s ]
SQL: UPDATE `cmf_menu` SET `listorder`='0' WHERE `id` = 190 [ RunTime:0.0001s ]
SQL: UPDATE `cmf_menu` SET `listorder`='0' WHERE `id` = 192 [ RunTime:0.0001s ]
SQL: UPDATE `cmf_menu` SET `listorder`='30' WHERE `id` = 1 [ RunTime:0.0001s ]
SQL: UPDATE `cmf_menu` SET `listorder`='0' WHERE `id` = 18 [ RunTime:0.0001s ]
SQL: UPDATE `cmf_menu` SET `listorder`='0' WHERE `id` = 19 [ RunTime:0.0001s ]
SQL: UPDATE `cmf_menu` SET `listorder`='1000' WHERE `id` = 20 [ RunTime:0.0001s ]
SQL: UPDATE `cmf_menu` SET `listorder`='1000' WHERE `id` = 21 [ RunTime:0.0001s ]
SQL: UPDATE `cmf_menu` SET `listorder`='0' WHERE `id` = 22 [ RunTime:0.0001s ]
SQL: UPDATE `cmf_menu` SET `listorder`='1000' WHERE `id` = 23 [ RunTime:0.0001s ]
SQL: UPDATE `cmf_menu` SET `listorder`='0' WHERE `id` = 24 [ RunTime:0.0001s ]
SQL: UPDATE `cmf_menu` SET `listorder`='1' WHERE `id` = 7 [ RunTime:0.0001s ]
SQL: UPDATE `cmf_menu` SET `listorder`='0' WHERE `id` = 8 [ RunTime:0.0001s ]
SQL: UPDATE `cmf_menu` SET `listorder`='0' WHERE `id` = 9 [ RunTime:0.0001s ]
SQL: UPDATE `cmf_menu` SET `listorder`='0' WHERE `id` = 10 [ RunTime:0.0001s ]
SQL: UPDATE `cmf_menu` SET `listorder`='0' WHERE `id` = 169 [ RunTime:0.0001s ]
SQL: UPDATE `cmf_menu` SET `listorder`='1000' WHERE `id` = 11 [ RunTime:0.0001s ]
SQL: UPDATE `cmf_menu` SET `listorder`='1000' WHERE `id` = 12 [ RunTime:0.0001s ]
SQL: UPDATE `cmf_menu` SET `listorder`='1000' WHERE `id` = 13 [ RunTime:0.0001s ]
SQL: UPDATE `cmf_menu` SET `listorder`='1000' WHERE `id` = 14 [ RunTime:0.0001s ]
SQL: UPDATE `cmf_menu` SET `listorder`='0' WHERE `id` = 15 [ RunTime:0.0001s ]
SQL: UPDATE `cmf_menu` SET `listorder`='1000' WHERE `id` = 16 [ RunTime:0.0001s ]
SQL: UPDATE `cmf_menu` SET `listorder`='0' WHERE `id` = 17 [ RunTime:0.0001s ]
SQL: UPDATE `cmf_menu` SET `listorder`='2' WHERE `id` = 2 [ RunTime:0.0001s ]
SQL: UPDATE `cmf_menu` SET `listorder`='0' WHERE `id` = 3 [ RunTime:0.0001s ]
SQL: UPDATE `cmf_menu` SET `listorder`='3' WHERE `id` = 4 [ RunTime:0.0001s ]
SQL: UPDATE `cmf_menu` SET `listorder`='0' WHERE `id` = 5 [ RunTime:0.0001s ]
SQL: UPDATE `cmf_menu` SET `listorder`='0' WHERE `id` = 6 [ RunTime:0.0001s ]
SQL: UPDATE `cmf_menu` SET `listorder`='4' WHERE `id` = 25 [ RunTime:0.0001s ]
SQL: UPDATE `cmf_menu` SET `listorder`='0' WHERE `id` = 26 [ RunTime:0.0001s ]
SQL: UPDATE `cmf_menu` SET `listorder`='1000' WHERE `id` = 27 [ RunTime:0.0001s ]
SQL: UPDATE `cmf_menu` SET `listorder`='1000' WHERE `id` = 28 [ RunTime:0.0001s ]
SQL: UPDATE `cmf_menu` SET `listorder`='0' WHERE `id` = 29 [ RunTime:0.0001s ]
SQL: UPDATE `cmf_menu` SET `listorder`='1000' WHERE `id` = 30 [ RunTime:0.0001s ]
SQL: UPDATE `cmf_menu` SET `listorder`='0' WHERE `id` = 31 [ RunTime:0.0001s ]
SQL: UPDATE `cmf_menu` SET `listorder`='5' WHERE `id` = 32 [ RunTime:0.0001s ]
SQL: UPDATE `cmf_menu` SET `listorder`='0' WHERE `id` = 33 [ RunTime:0.0001s ]
SQL: UPDATE `cmf_menu` SET `listorder`='1000' WHERE `id` = 34 [ RunTime:0.0001s ]
SQL: UPDATE `cmf_menu` SET `listorder`='1000' WHERE `id` = 35 [ RunTime:0.0001s ]
SQL: UPDATE `cmf_menu` SET `listorder`='1' WHERE `id` = 36 [ RunTime:0.0001s ]
SQL: UPDATE `cmf_menu` SET `listorder`='1000' WHERE `id` = 37 [ RunTime:0.0001s ]
SQL: UPDATE `cmf_menu` SET `listorder`='1000' WHERE `id` = 38 [ RunTime:0.0001s ]
SQL: UPDATE `cmf_menu` SET `listorder`='35' WHERE `id` = 85 [ RunTime:0.0001s ]
SQL: UPDATE `cmf_menu` SET `listorder`='0' WHERE `id` = 86 [ RunTime:0.0001s ]
SQL: UPDATE `cmf_menu` SET `listorder`='0' WHERE `id` = 87 [ RunTime:0.0001s ]
SQL: UPDATE `cmf_menu` SET `listorder`='0' WHERE `id` = 88 [ RunTime:0.0001s ]
SQL: UPDATE `cmf_menu` SET `listorder`='1000' WHERE `id` = 89 [ RunTime:0.0001s ]
SQL: UPDATE `cmf_menu` SET `listorder`='1000' WHERE `id` = 90 [ RunTime:0.0001s ]
SQL: UPDATE `cmf_menu` SET `listorder`='0' WHERE `id` = 91 [ RunTime:0.0001s ]
SQL: UPDATE `cmf_menu` SET `listorder`='1000' WHERE `id` = 92 [ RunTime:0.0001s ]
SQL: UPDATE `cmf_menu` SET `listorder`='0' WHERE `id` = 93 [ RunTime:0.0001s ]
SQL: UPDATE `cmf_menu` SET `listorder`='0' WHERE `id` = 94 [ RunTime:0.0001s ]
SQL: UPDATE `cmf_menu` SET `listorder`='1000' WHERE `id` = 95 [ RunTime:0.0001s ]
SQL: UPDATE `cmf_menu` SET `listorder`='1000' WHERE `id` = 96 [ RunTime:0.0001s ]
SQL: UPDATE `cmf_menu` SET `listorder`='0' WHERE `id` = 97 [ RunTime:0.0001s ]
SQL: UPDATE `cmf_menu` SET `listorder`='1000' WHERE `id` = 98 [ RunTime:0.0001s ]
SQL: UPDATE `cmf_menu` SET `listorder`='0' WHERE `id` = 99 [ RunTime:0.0001s ]
SQL: UPDATE `cmf_menu` SET `listorder`='0' WHERE `id` = 100 [ RunTime:0.0001s ]
SQL: UPDATE `cmf_menu` SET `listorder`='0' WHERE `id` = 101 [ RunTime:0.0001s ]
SQL: UPDATE `cmf_menu` SET `listorder`='0' WHERE `id` = 102 [ RunTime:0.0001s ]
SQL: UPDATE `cmf_menu` SET `listorder`='0' WHERE `id` = 103 [ RunTime:0.0001s ]
SQL: UPDATE `cmf_menu` SET `listorder`='0' WHERE `id` = 174 [ RunTime:0.0001s ]
SQL: UPDATE `cmf_menu` SET `listorder`='0' WHERE `id` = 175 [ RunTime:0.0001s ]
SQL: UPDATE `cmf_menu` SET `listorder`='0' WHERE `id` = 176 [ RunTime:0.0001s ]
SQL: UPDATE `cmf_menu` SET `listorder`='0' WHERE `id` = 177 [ RunTime:0.0001s ]
SQL: UPDATE `cmf_menu` SET `listorder`='1000' WHERE `id` = 104 [ RunTime:0.0002s ]
SQL: UPDATE `cmf_menu` SET `listorder`='1000' WHERE `id` = 105 [ RunTime:0.0001s ]
SQL: UPDATE `cmf_menu` SET `listorder`='0' WHERE `id` = 106 [ RunTime:0.0001s ]
SQL: UPDATE `cmf_menu` SET `listorder`='1000' WHERE `id` = 107 [ RunTime:0.0001s ]
SQL: UPDATE `cmf_menu` SET `listorder`='1000' WHERE `id` = 108 [ RunTime:0.0001s ]
SQL: UPDATE `cmf_menu` SET `listorder`='40' WHERE `id` = 39 [ RunTime:0.0001s ]
SQL: UPDATE `cmf_menu` SET `listorder`='0' WHERE `id` = 40 [ RunTime:0.0001s ]
SQL: UPDATE `cmf_menu` SET `listorder`='0' WHERE `id` = 41 [ RunTime:0.0001s ]
SQL: UPDATE `cmf_menu` SET `listorder`='0' WHERE `id` = 42 [ RunTime:0.0001s ]
SQL: UPDATE `cmf_menu` SET `listorder`='0' WHERE `id` = 43 [ RunTime:0.0001s ]
SQL: UPDATE `cmf_menu` SET `listorder`='1000' WHERE `id` = 44 [ RunTime:0.0001s ]
SQL: UPDATE `cmf_menu` SET `listorder`='1000' WHERE `id` = 45 [ RunTime:0.0001s ]
SQL: UPDATE `cmf_menu` SET `listorder`='1000' WHERE `id` = 46 [ RunTime:0.0001s ]
SQL: UPDATE `cmf_menu` SET `listorder`='0' WHERE `id` = 47 [ RunTime:0.0001s ]
SQL: UPDATE `cmf_menu` SET `listorder`='0' WHERE `id` = 48 [ RunTime:0.0001s ]
SQL: UPDATE `cmf_menu` SET `listorder`='0' WHERE `id` = 49 [ RunTime:0.0001s ]
SQL: UPDATE `cmf_menu` SET `listorder`='0' WHERE `id` = 50 [ RunTime:0.0001s ]
SQL: UPDATE `cmf_menu` SET `listorder`='0' WHERE `id` = 51 [ RunTime:0.0001s ]
SQL: UPDATE `cmf_menu` SET `listorder`='0' WHERE `id` = 52 [ RunTime:0.0001s ]
SQL: UPDATE `cmf_menu` SET `listorder`='0' WHERE `id` = 155 [ RunTime:0.0001s ]
SQL: UPDATE `cmf_menu` SET `listorder`='1' WHERE `id` = 53 [ RunTime:0.0001s ]
SQL: UPDATE `cmf_menu` SET `listorder`='0' WHERE `id` = 54 [ RunTime:0.0001s ]
SQL: UPDATE `cmf_menu` SET `listorder`='0' WHERE `id` = 55 [ RunTime:0.0001s ]
SQL: UPDATE `cmf_menu` SET `listorder`='0' WHERE `id` = 56 [ RunTime:0.0001s ]
SQL: UPDATE `cmf_menu` SET `listorder`='0' WHERE `id` = 158 [ RunTime:0.0001s ]
SQL: UPDATE `cmf_menu` SET `listorder`='0' WHERE `id` = 159 [ RunTime:0.0001s ]
SQL: UPDATE `cmf_menu` SET `listorder`='1000' WHERE `id` = 57 [ RunTime:0.0001s ]
SQL: UPDATE `cmf_menu` SET `listorder`='1000' WHERE `id` = 58 [ RunTime:0.0001s ]
SQL: UPDATE `cmf_menu` SET `listorder`='0' WHERE `id` = 59 [ RunTime:0.0001s ]
SQL: UPDATE `cmf_menu` SET `listorder`='1000' WHERE `id` = 60 [ RunTime:0.0001s ]
SQL: UPDATE `cmf_menu` SET `listorder`='0' WHERE `id` = 61 [ RunTime:0.0001s ]
SQL: UPDATE `cmf_menu` SET `listorder`='0' WHERE `id` = 62 [ RunTime:0.0001s ]
SQL: UPDATE `cmf_menu` SET `listorder`='1000' WHERE `id` = 63 [ RunTime:0.0001s ]
SQL: UPDATE `cmf_menu` SET `listorder`='1000' WHERE `id` = 64 [ RunTime:0.0001s ]
SQL: UPDATE `cmf_menu` SET `listorder`='0' WHERE `id` = 65 [ RunTime:0.0001s ]
SQL: UPDATE `cmf_menu` SET `listorder`='1000' WHERE `id` = 66 [ RunTime:0.0001s ]
SQL: UPDATE `cmf_menu` SET `listorder`='0' WHERE `id` = 67 [ RunTime:0.0001s ]
SQL: UPDATE `cmf_menu` SET `listorder`='2' WHERE `id` = 68 [ RunTime:0.0001s ]
SQL: UPDATE `cmf_menu` SET `listorder`='0' WHERE `id` = 69 [ RunTime:0.0001s ]
SQL: UPDATE `cmf_menu` SET `listorder`='1000' WHERE `id` = 70 [ RunTime:0.0001s ]
SQL: UPDATE `cmf_menu` SET `listorder`='1000' WHERE `id` = 71 [ RunTime:0.0001s ]
SQL: UPDATE `cmf_menu` SET `listorder`='0' WHERE `id` = 72 [ RunTime:0.0001s ]
SQL: UPDATE `cmf_menu` SET `listorder`='1000' WHERE `id` = 73 [ RunTime:0.0001s ]
SQL: UPDATE `cmf_menu` SET `listorder`='0' WHERE `id` = 74 [ RunTime:0.0001s ]
SQL: UPDATE `cmf_menu` SET `listorder`='3' WHERE `id` = 75 [ RunTime:0.0001s ]
SQL: UPDATE `cmf_menu` SET `listorder`='0' WHERE `id` = 76 [ RunTime:0.0001s ]
SQL: UPDATE `cmf_menu` SET `listorder`='0' WHERE `id` = 77 [ RunTime:0.0001s ]
SQL: UPDATE `cmf_menu` SET `listorder`='1000' WHERE `id` = 78 [ RunTime:0.0001s ]
SQL: UPDATE `cmf_menu` SET `listorder`='1000' WHERE `id` = 79 [ RunTime:0.0001s ]
SQL: UPDATE `cmf_menu` SET `listorder`='0' WHERE `id` = 80 [ RunTime:0.0001s ]
SQL: UPDATE `cmf_menu` SET `listorder`='1000' WHERE `id` = 81 [ RunTime:0.0001s ]
SQL: UPDATE `cmf_menu` SET `listorder`='0' WHERE `id` = 82 [ RunTime:0.0001s ]
SQL: UPDATE `cmf_menu` SET `listorder`='4' WHERE `id` = 83 [ RunTime:0.0001s ]
SQL: UPDATE `cmf_menu` SET `listorder`='0' WHERE `id` = 84 [ RunTime:0.0001s ]

[ 2017-07-20T10:33:26+08:00 ] ::1 /index.php/Admin/Menu/index
NOTIC: D方法实例化没找到模型类Common\Model\AuthRuleModel

[ 2017-07-20T10:35:09+08:00 ] ::1 /index.php/Admin/Menu/index
NOTIC: D方法实例化没找到模型类Common\Model\AuthRuleModel

[ 2017-07-20T10:35:26+08:00 ] ::1 /index.php/Admin/Menu/index
NOTIC: D方法实例化没找到模型类Common\Model\AuthRuleModel

[ 2017-07-20T10:35:44+08:00 ] ::1 /index.php/Admin/Menu/edit/id/86
NOTIC: D方法实例化没找到模型类Common\Model\AuthRuleModel

[ 2017-07-20T10:35:47+08:00 ] ::1 /index.php/Admin/Menu/edit_post
INFO: [ app_begin ] --START--
INFO: Run Behavior\ReadHtmlCacheBehavior [ RunTime:0.000494s ]
INFO: Run Behavior\CheckLangBehavior [ RunTime:0.001398s ]
INFO: Run Common\Behavior\UrldecodeGetBehavior [ RunTime:0.000378s ]
INFO: [ app_begin ] --END-- [ RunTime:0.002684s ]
INFO: [ admin_begin ] --START--
INFO: Run Common\Behavior\AdminDefaultLangBehavior [ RunTime:0.001855s ]
INFO: [ admin_begin ] --END-- [ RunTime:0.001926s ]
SQL: SHOW COLUMNS FROM `cmf_users` [ RunTime:0.0153s ]
SQL: SELECT * FROM `cmf_users` WHERE `id` = '1' LIMIT 1   [ RunTime:0.0003s ]
SQL: SHOW COLUMNS FROM `cmf_menu` [ RunTime:0.0034s ]
NOTIC: D方法实例化没找到模型类Common\Model\AuthRuleModel
SQL: SHOW COLUMNS FROM `cmf_auth_rule` [ RunTime:0.0033s ]
SQL: SELECT * FROM `cmf_menu` WHERE `id` = 86 LIMIT 1   [ RunTime:0.0002s ]
NOTIC: [8] Undefined index: validate D:\AppServ\www\simplewind\Core\Library\Think\Model.class.php 第 1185 行.
SQL: SELECT `id` FROM `cmf_menu` WHERE `app` = 'Admin' AND `model` = 'Navcat' AND `action` = 'default1' LIMIT 1   [ RunTime:0.0002s ]
NOTIC: [8] Undefined index: auto D:\AppServ\www\simplewind\Core\Library\Think\Model.class.php 第 1128 行.
SQL: UPDATE `cmf_menu` SET `parentid`='85',`name`='前台菜单',`app`='Admin',`model`='Navcat',`action`='default1',`data`='',`icon`='',`remark`='',`status`='0',`type`='1' WHERE `id` = 86 [ RunTime:0.0252s ]
SQL: SELECT COUNT(*) AS tp_count FROM `cmf_auth_rule` WHERE `name` = 'admin/navcat/default1' LIMIT 1   [ RunTime:0.0018s ]
SQL: UPDATE `cmf_auth_rule` SET `name`='admin/navcat/default1',`module`='Admin',`type`='admin_url',`title`='前台菜单' WHERE `name` = 'admin/navcat/default1' [ RunTime:0.0021s ]
SQL: SELECT * FROM `cmf_menu` WHERE `app` = 'Admin' ORDER BY `listorder` ASC,`app` ASC,`model` ASC,`action` ASC  [ RunTime:0.0038s ]

[ 2017-07-20T10:35:47+08:00 ] ::1 /index.php/Admin/Menu/edit/id/86
NOTIC: D方法实例化没找到模型类Common\Model\AuthRuleModel

[ 2017-07-20T10:35:51+08:00 ] ::1 /index.php/Admin/Menu/edit_post
INFO: [ app_begin ] --START--
INFO: Run Behavior\ReadHtmlCacheBehavior [ RunTime:0.000528s ]
INFO: Run Behavior\CheckLangBehavior [ RunTime:0.001437s ]
INFO: Run Common\Behavior\UrldecodeGetBehavior [ RunTime:0.000377s ]
INFO: [ app_begin ] --END-- [ RunTime:0.002752s ]
INFO: [ admin_begin ] --START--
INFO: Run Common\Behavior\AdminDefaultLangBehavior [ RunTime:0.001882s ]
INFO: [ admin_begin ] --END-- [ RunTime:0.001954s ]
SQL: SHOW COLUMNS FROM `cmf_users` [ RunTime:0.0299s ]
SQL: SELECT * FROM `cmf_users` WHERE `id` = '1' LIMIT 1   [ RunTime:0.0002s ]
SQL: SHOW COLUMNS FROM `cmf_menu` [ RunTime:0.0038s ]
NOTIC: D方法实例化没找到模型类Common\Model\AuthRuleModel
SQL: SHOW COLUMNS FROM `cmf_auth_rule` [ RunTime:0.0066s ]
SQL: SELECT * FROM `cmf_menu` WHERE `id` = 86 LIMIT 1   [ RunTime:0.0004s ]
NOTIC: [8] Undefined index: validate D:\AppServ\www\simplewind\Core\Library\Think\Model.class.php 第 1185 行.
SQL: SELECT `id` FROM `cmf_menu` WHERE `app` = 'Admin' AND `model` = 'Navcat' AND `action` = 'default1' LIMIT 1   [ RunTime:0.0005s ]
NOTIC: [8] Undefined index: auto D:\AppServ\www\simplewind\Core\Library\Think\Model.class.php 第 1128 行.
SQL: UPDATE `cmf_menu` SET `parentid`='85',`name`='前台菜单',`app`='Admin',`model`='Navcat',`action`='default1',`data`='',`icon`='',`remark`='',`status`='0',`type`='1' WHERE `id` = 86 [ RunTime:0.0004s ]
SQL: SELECT COUNT(*) AS tp_count FROM `cmf_auth_rule` WHERE `name` = 'admin/navcat/default1' LIMIT 1   [ RunTime:0.0005s ]
SQL: UPDATE `cmf_auth_rule` SET `name`='admin/navcat/default1',`module`='Admin',`type`='admin_url',`title`='前台菜单' WHERE `name` = 'admin/navcat/default1' [ RunTime:0.0017s ]
SQL: SELECT * FROM `cmf_menu` WHERE `app` = 'Admin' ORDER BY `listorder` ASC,`app` ASC,`model` ASC,`action` ASC  [ RunTime:0.0029s ]
NOTIC: [2] mkdir(): File exists D:\AppServ\www\application\Admin\Controller\MenuController.class.php 第 247 行.

[ 2017-07-20T10:35:51+08:00 ] ::1 /index.php/Admin/Menu/edit/id/86
NOTIC: D方法实例化没找到模型类Common\Model\AuthRuleModel

[ 2017-07-20T10:35:53+08:00 ] ::1 /index.php/Admin/menu/index
NOTIC: D方法实例化没找到模型类Common\Model\AuthRuleModel

[ 2017-07-20T10:35:58+08:00 ] ::1 /index.php/Admin/Menu/index
NOTIC: D方法实例化没找到模型类Common\Model\AuthRuleModel

[ 2017-07-20T10:35:59+08:00 ] ::1 /index.php/Admin/Menu/index
NOTIC: D方法实例化没找到模型类Common\Model\AuthRuleModel

[ 2017-07-20T10:36:00+08:00 ] ::1 /index.php/Admin/Menu/index
NOTIC: D方法实例化没找到模型类Common\Model\AuthRuleModel

[ 2017-07-20T10:36:01+08:00 ] ::1 /index.php/Admin/Menu/index
NOTIC: D方法实例化没找到模型类Common\Model\AuthRuleModel

[ 2017-07-20T10:36:01+08:00 ] ::1 /index.php/Admin/Menu/index
NOTIC: D方法实例化没找到模型类Common\Model\AuthRuleModel

[ 2017-07-20T10:36:39+08:00 ] ::1 /index.php/Admin/Menu/index
NOTIC: D方法实例化没找到模型类Common\Model\AuthRuleModel

[ 2017-07-20T10:36:47+08:00 ] ::1 /index.php/Admin/Menu/delete/id/86
INFO: [ app_begin ] --START--
INFO: Run Behavior\ReadHtmlCacheBehavior [ RunTime:0.000464s ]
INFO: Run Behavior\CheckLangBehavior [ RunTime:0.001436s ]
INFO: Run Common\Behavior\UrldecodeGetBehavior [ RunTime:0.000358s ]
INFO: [ app_begin ] --END-- [ RunTime:0.002590s ]
INFO: [ admin_begin ] --START--
INFO: Run Common\Behavior\AdminDefaultLangBehavior [ RunTime:0.001975s ]
INFO: [ admin_begin ] --END-- [ RunTime:0.002023s ]
SQL: SHOW COLUMNS FROM `cmf_users` [ RunTime:0.0154s ]
SQL: SELECT * FROM `cmf_users` WHERE `id` = '1' LIMIT 1   [ RunTime:0.0002s ]
SQL: SHOW COLUMNS FROM `cmf_menu` [ RunTime:0.0033s ]
NOTIC: D方法实例化没找到模型类Common\Model\AuthRuleModel
SQL: SHOW COLUMNS FROM `cmf_auth_rule` [ RunTime:0.0032s ]
SQL: SELECT COUNT(*) AS tp_count FROM `cmf_menu` WHERE `parentid` = 86 LIMIT 1   [ RunTime:0.0002s ]

[ 2017-07-20T10:36:52+08:00 ] ::1 /index.php/Admin/Menu/delete/id/86
INFO: [ app_begin ] --START--
INFO: Run Behavior\ReadHtmlCacheBehavior [ RunTime:0.000545s ]
INFO: Run Behavior\CheckLangBehavior [ RunTime:0.001689s ]
INFO: Run Common\Behavior\UrldecodeGetBehavior [ RunTime:0.000353s ]
INFO: [ app_begin ] --END-- [ RunTime:0.002940s ]
INFO: [ admin_begin ] --START--
INFO: Run Common\Behavior\AdminDefaultLangBehavior [ RunTime:0.001607s ]
INFO: [ admin_begin ] --END-- [ RunTime:0.001648s ]
SQL: SHOW COLUMNS FROM `cmf_users` [ RunTime:0.0038s ]
SQL: SELECT * FROM `cmf_users` WHERE `id` = '1' LIMIT 1   [ RunTime:0.0003s ]
SQL: SHOW COLUMNS FROM `cmf_menu` [ RunTime:0.0031s ]
NOTIC: D方法实例化没找到模型类Common\Model\AuthRuleModel
SQL: SHOW COLUMNS FROM `cmf_auth_rule` [ RunTime:0.0030s ]
SQL: SELECT COUNT(*) AS tp_count FROM `cmf_menu` WHERE `parentid` = 86 LIMIT 1   [ RunTime:0.0002s ]

[ 2017-07-20T10:37:19+08:00 ] ::1 /index.php/Admin/Menu/delete/id/32
INFO: [ app_begin ] --START--
INFO: Run Behavior\ReadHtmlCacheBehavior [ RunTime:0.000536s ]
INFO: Run Behavior\CheckLangBehavior [ RunTime:0.001587s ]
INFO: Run Common\Behavior\UrldecodeGetBehavior [ RunTime:0.000379s ]
INFO: [ app_begin ] --END-- [ RunTime:0.002950s ]
INFO: [ admin_begin ] --START--
INFO: Run Common\Behavior\AdminDefaultLangBehavior [ RunTime:0.001606s ]
INFO: [ admin_begin ] --END-- [ RunTime:0.001652s ]
SQL: SHOW COLUMNS FROM `cmf_users` [ RunTime:0.0149s ]
SQL: SELECT * FROM `cmf_users` WHERE `id` = '1' LIMIT 1   [ RunTime:0.0002s ]
SQL: SHOW COLUMNS FROM `cmf_menu` [ RunTime:0.0035s ]
NOTIC: D方法实例化没找到模型类Common\Model\AuthRuleModel
SQL: SHOW COLUMNS FROM `cmf_auth_rule` [ RunTime:0.0032s ]
SQL: SELECT COUNT(*) AS tp_count FROM `cmf_menu` WHERE `parentid` = 32 LIMIT 1   [ RunTime:0.0001s ]

[ 2017-07-20T10:37:28+08:00 ] ::1 /index.php/Admin/Menu/delete/id/33
INFO: [ app_begin ] --START--
INFO: Run Behavior\ReadHtmlCacheBehavior [ RunTime:0.000459s ]
INFO: Run Behavior\CheckLangBehavior [ RunTime:0.001335s ]
INFO: Run Common\Behavior\UrldecodeGetBehavior [ RunTime:0.000308s ]
INFO: [ app_begin ] --END-- [ RunTime:0.002435s ]
INFO: [ admin_begin ] --START--
INFO: Run Common\Behavior\AdminDefaultLangBehavior [ RunTime:0.001614s ]
INFO: [ admin_begin ] --END-- [ RunTime:0.001654s ]
SQL: SHOW COLUMNS FROM `cmf_users` [ RunTime:0.0156s ]
SQL: SELECT * FROM `cmf_users` WHERE `id` = '1' LIMIT 1   [ RunTime:0.0003s ]
SQL: SHOW COLUMNS FROM `cmf_menu` [ RunTime:0.0056s ]
NOTIC: D方法实例化没找到模型类Common\Model\AuthRuleModel
SQL: SHOW COLUMNS FROM `cmf_auth_rule` [ RunTime:0.0084s ]
SQL: SELECT COUNT(*) AS tp_count FROM `cmf_menu` WHERE `parentid` = 33 LIMIT 1   [ RunTime:0.0004s ]

[ 2017-07-20T10:38:03+08:00 ] ::1 /index.php/Admin/Menu/delete/id/35
INFO: [ app_begin ] --START--
INFO: Run Behavior\ReadHtmlCacheBehavior [ RunTime:0.000491s ]
INFO: Run Behavior\CheckLangBehavior [ RunTime:0.001398s ]
INFO: Run Common\Behavior\UrldecodeGetBehavior [ RunTime:0.000316s ]
INFO: [ app_begin ] --END-- [ RunTime:0.002549s ]
INFO: [ admin_begin ] --START--
INFO: Run Common\Behavior\AdminDefaultLangBehavior [ RunTime:0.001725s ]
INFO: [ admin_begin ] --END-- [ RunTime:0.001767s ]
SQL: SHOW COLUMNS FROM `cmf_users` [ RunTime:0.0164s ]
SQL: SELECT * FROM `cmf_users` WHERE `id` = '1' LIMIT 1   [ RunTime:0.0003s ]
SQL: SHOW COLUMNS FROM `cmf_menu` [ RunTime:0.0033s ]
NOTIC: D方法实例化没找到模型类Common\Model\AuthRuleModel
SQL: SHOW COLUMNS FROM `cmf_auth_rule` [ RunTime:0.0030s ]
SQL: SELECT COUNT(*) AS tp_count FROM `cmf_menu` WHERE `parentid` = 35 LIMIT 1   [ RunTime:0.0002s ]
SQL: DELETE FROM `cmf_menu` WHERE `id` = 35 [ RunTime:0.0002s ]

[ 2017-07-20T10:38:03+08:00 ] ::1 /index.php/Admin/Menu/index
NOTIC: D方法实例化没找到模型类Common\Model\AuthRuleModel

