[ 2017-07-25T13:52:27+08:00 ] ::1 /index.php/Admin/public/dologin
INFO: [ app_begin ] --START--
INFO: Run Behavior\ReadHtmlCacheBehavior [ RunTime:0.000380s ]
INFO: Run Behavior\CheckLangBehavior [ RunTime:0.000812s ]
INFO: Run Common\Behavior\UrldecodeGetBehavior [ RunTime:0.000315s ]
INFO: [ app_begin ] --END-- [ RunTime:0.001837s ]
INFO: [ admin_begin ] --START--
INFO: Run Common\Behavior\AdminDefaultLangBehavior [ RunTime:0.001014s ]
INFO: [ admin_begin ] --END-- [ RunTime:0.001048s ]

[ 2017-07-25T13:52:31+08:00 ] ::1 /index.php/Admin/public/dologin
INFO: [ app_begin ] --START--
INFO: Run Behavior\ReadHtmlCacheBehavior [ RunTime:0.000380s ]
INFO: Run Behavior\CheckLangBehavior [ RunTime:0.000804s ]
INFO: Run Common\Behavior\UrldecodeGetBehavior [ RunTime:0.000420s ]
INFO: [ app_begin ] --END-- [ RunTime:0.001947s ]
INFO: [ admin_begin ] --START--
INFO: Run Common\Behavior\AdminDefaultLangBehavior [ RunTime:0.001077s ]
INFO: [ admin_begin ] --END-- [ RunTime:0.001120s ]
SQL: SHOW COLUMNS FROM `cmf_users` [ RunTime:0.0154s ]
SQL: SELECT * FROM `cmf_users` WHERE `user_login` = 'admin' LIMIT 1   [ RunTime:0.0003s ]
SQL: SHOW COLUMNS FROM `cmf_role_user` [ RunTime:0.0033s ]
SQL: SELECT `role_id` FROM cmf_role_user a INNER JOIN cmf_role as b on a.role_id =b.id  WHERE `user_id` = '1' AND `status` = 1  [ RunTime:0.0002s ]
SQL: UPDATE `cmf_users` SET `user_login`='admin',`user_pass`='###1909f311d53a8fdb27fbe393fb2b424c',`user_nicename`='admin',`user_email`='1274599189@qq.com',`user_url`='',`avatar`=NULL,`sex`='0',`birthday`='2000-01-01',`signature`=NULL,`last_login_ip`='0.0.0.0',`last_login_time`='2017-07-25 13:52:31',`create_time`='2017-07-04 11:23:06',`user_activation_key`='',`user_status`='1',`score`='0',`user_type`='1',`coin`='0',`mobile`='' WHERE `id` = '1' [ RunTime:0.0048s ]

[ 2017-07-25T13:52:38+08:00 ] ::1 /index.php/Admin/Menu/index
NOTIC: D方法实例化没找到模型类Common\Model\AuthRuleModel

[ 2017-07-25T13:53:04+08:00 ] ::1 /index.php/Admin/Menu/edit/id/4
NOTIC: D方法实例化没找到模型类Common\Model\AuthRuleModel

[ 2017-07-25T13:53:14+08:00 ] ::1 /index.php/Admin/Menu/edit_post
INFO: [ app_begin ] --START--
INFO: Run Behavior\ReadHtmlCacheBehavior [ RunTime:0.000577s ]
INFO: Run Behavior\CheckLangBehavior [ RunTime:0.001184s ]
INFO: Run Common\Behavior\UrldecodeGetBehavior [ RunTime:0.000366s ]
INFO: [ app_begin ] --END-- [ RunTime:0.002521s ]
INFO: [ admin_begin ] --START--
INFO: Run Common\Behavior\AdminDefaultLangBehavior [ RunTime:0.001503s ]
INFO: [ admin_begin ] --END-- [ RunTime:0.001554s ]
SQL: SHOW COLUMNS FROM `cmf_users` [ RunTime:0.0046s ]
SQL: SELECT * FROM `cmf_users` WHERE `id` = '1' LIMIT 1   [ RunTime:0.0004s ]
SQL: SHOW COLUMNS FROM `cmf_menu` [ RunTime:0.0062s ]
NOTIC: D方法实例化没找到模型类Common\Model\AuthRuleModel
SQL: SHOW COLUMNS FROM `cmf_auth_rule` [ RunTime:0.0052s ]
SQL: SELECT * FROM `cmf_menu` WHERE `id` = 4 LIMIT 1   [ RunTime:0.0002s ]
NOTIC: [8] Undefined index: validate D:\AppServ\www\simplewind\Core\Library\Think\Model.class.php 第 1185 行.
SQL: SELECT `id` FROM `cmf_menu` WHERE `app` = 'Comment' AND `model` = 'Commentadmin' AND `action` = 'index' LIMIT 1   [ RunTime:0.0002s ]
NOTIC: [8] Undefined index: auto D:\AppServ\www\simplewind\Core\Library\Think\Model.class.php 第 1128 行.
SQL: UPDATE `cmf_menu` SET `parentid`='0',`name`='评论管理',`app`='Comment',`model`='Commentadmin',`action`='index',`data`='',`icon`='',`remark`='',`status`='1',`type`='1' WHERE `id` = 4 [ RunTime:0.0126s ]
SQL: SELECT COUNT(*) AS tp_count FROM `cmf_auth_rule` WHERE `name` = 'comment/commentadmin/index' LIMIT 1   [ RunTime:0.0066s ]
SQL: UPDATE `cmf_auth_rule` SET `name`='comment/commentadmin/index',`module`='Comment',`type`='admin_url',`title`='评论管理' WHERE `name` = 'comment/commentadmin/index' [ RunTime:0.0010s ]
SQL: SELECT * FROM `cmf_menu` WHERE `app` = 'Comment' ORDER BY `listorder` ASC,`app` ASC,`model` ASC,`action` ASC  [ RunTime:0.0003s ]

[ 2017-07-25T13:53:14+08:00 ] ::1 /index.php/Admin/Menu/edit/id/4
NOTIC: D方法实例化没找到模型类Common\Model\AuthRuleModel

[ 2017-07-25T13:53:31+08:00 ] ::1 /index.php/Admin/Menu/index
NOTIC: D方法实例化没找到模型类Common\Model\AuthRuleModel

[ 2017-07-25T13:53:39+08:00 ] ::1 /index.php/Admin/Menu/edit/id/2
NOTIC: D方法实例化没找到模型类Common\Model\AuthRuleModel

[ 2017-07-25T13:53:46+08:00 ] ::1 /index.php/Admin/Menu/edit_post
INFO: [ app_begin ] --START--
INFO: Run Behavior\ReadHtmlCacheBehavior [ RunTime:0.000471s ]
INFO: Run Behavior\CheckLangBehavior [ RunTime:0.001068s ]
INFO: Run Common\Behavior\UrldecodeGetBehavior [ RunTime:0.000305s ]
INFO: [ app_begin ] --END-- [ RunTime:0.002182s ]
INFO: [ admin_begin ] --START--
INFO: Run Common\Behavior\AdminDefaultLangBehavior [ RunTime:0.001395s ]
INFO: [ admin_begin ] --END-- [ RunTime:0.001437s ]
SQL: SHOW COLUMNS FROM `cmf_users` [ RunTime:0.0163s ]
SQL: SELECT * FROM `cmf_users` WHERE `id` = '1' LIMIT 1   [ RunTime:0.0003s ]
SQL: SHOW COLUMNS FROM `cmf_menu` [ RunTime:0.0043s ]
NOTIC: D方法实例化没找到模型类Common\Model\AuthRuleModel
SQL: SHOW COLUMNS FROM `cmf_auth_rule` [ RunTime:0.0035s ]
SQL: SELECT * FROM `cmf_menu` WHERE `id` = 2 LIMIT 1   [ RunTime:0.0002s ]
NOTIC: [8] Undefined index: validate D:\AppServ\www\simplewind\Core\Library\Think\Model.class.php 第 1185 行.
SQL: SELECT `id` FROM `cmf_menu` WHERE `app` = 'Api' AND `model` = 'Guestbookadmin' AND `action` = 'index' LIMIT 1   [ RunTime:0.0002s ]
NOTIC: [8] Undefined index: auto D:\AppServ\www\simplewind\Core\Library\Think\Model.class.php 第 1128 行.
SQL: UPDATE `cmf_menu` SET `parentid`='0',`name`='所有留言',`app`='Api',`model`='Guestbookadmin',`action`='index',`data`='',`icon`='',`remark`='',`status`='1',`type`='1' WHERE `id` = 2 [ RunTime:0.0002s ]
SQL: SELECT COUNT(*) AS tp_count FROM `cmf_auth_rule` WHERE `name` = 'api/guestbookadmin/index' LIMIT 1   [ RunTime:0.0003s ]
SQL: UPDATE `cmf_auth_rule` SET `name`='api/guestbookadmin/index',`module`='Api',`type`='admin_url',`title`='所有留言' WHERE `name` = 'api/guestbookadmin/index' [ RunTime:0.0007s ]
SQL: SELECT * FROM `cmf_menu` WHERE `app` = 'Api' ORDER BY `listorder` ASC,`app` ASC,`model` ASC,`action` ASC  [ RunTime:0.0002s ]

[ 2017-07-25T13:53:46+08:00 ] ::1 /index.php/Admin/Menu/edit/id/2
NOTIC: D方法实例化没找到模型类Common\Model\AuthRuleModel

[ 2017-07-25T13:53:52+08:00 ] ::1 /index.php/Admin/Menu/index
NOTIC: D方法实例化没找到模型类Common\Model\AuthRuleModel

[ 2017-07-25T13:53:56+08:00 ] ::1 /index.php/Admin/Menu/edit/id/4
NOTIC: D方法实例化没找到模型类Common\Model\AuthRuleModel

[ 2017-07-25T13:54:07+08:00 ] ::1 /index.php/Admin/Menu/edit_post
INFO: [ app_begin ] --START--
INFO: Run Behavior\ReadHtmlCacheBehavior [ RunTime:0.000390s ]
INFO: Run Behavior\CheckLangBehavior [ RunTime:0.000881s ]
INFO: Run Common\Behavior\UrldecodeGetBehavior [ RunTime:0.000246s ]
INFO: [ app_begin ] --END-- [ RunTime:0.001936s ]
INFO: [ admin_begin ] --START--
INFO: Run Common\Behavior\AdminDefaultLangBehavior [ RunTime:0.001045s ]
INFO: [ admin_begin ] --END-- [ RunTime:0.001088s ]
SQL: SHOW COLUMNS FROM `cmf_users` [ RunTime:0.0168s ]
SQL: SELECT * FROM `cmf_users` WHERE `id` = '1' LIMIT 1   [ RunTime:0.0003s ]
SQL: SHOW COLUMNS FROM `cmf_menu` [ RunTime:0.0035s ]
NOTIC: D方法实例化没找到模型类Common\Model\AuthRuleModel
SQL: SHOW COLUMNS FROM `cmf_auth_rule` [ RunTime:0.0038s ]
SQL: SELECT * FROM `cmf_menu` WHERE `id` = 4 LIMIT 1   [ RunTime:0.0002s ]
NOTIC: [8] Undefined index: validate D:\AppServ\www\simplewind\Core\Library\Think\Model.class.php 第 1185 行.
SQL: SELECT `id` FROM `cmf_menu` WHERE `app` = 'Comment' AND `model` = 'Commentadmin' AND `action` = 'index' LIMIT 1   [ RunTime:0.0003s ]
NOTIC: [8] Undefined index: auto D:\AppServ\www\simplewind\Core\Library\Think\Model.class.php 第 1128 行.
SQL: UPDATE `cmf_menu` SET `parentid`='1',`name`='评论管理',`app`='Comment',`model`='Commentadmin',`action`='index',`data`='',`icon`='',`remark`='',`status`='1',`type`='1' WHERE `id` = 4 [ RunTime:0.0003s ]
SQL: SELECT COUNT(*) AS tp_count FROM `cmf_auth_rule` WHERE `name` = 'comment/commentadmin/index' LIMIT 1   [ RunTime:0.0003s ]
SQL: UPDATE `cmf_auth_rule` SET `name`='comment/commentadmin/index',`module`='Comment',`type`='admin_url',`title`='评论管理' WHERE `name` = 'comment/commentadmin/index' [ RunTime:0.0009s ]
SQL: SELECT * FROM `cmf_menu` WHERE `app` = 'Comment' ORDER BY `listorder` ASC,`app` ASC,`model` ASC,`action` ASC  [ RunTime:0.0003s ]
NOTIC: [2] mkdir(): File exists D:\AppServ\www\application\Admin\Controller\MenuController.class.php 第 247 行.

[ 2017-07-25T13:54:07+08:00 ] ::1 /index.php/Admin/Menu/edit/id/4
NOTIC: D方法实例化没找到模型类Common\Model\AuthRuleModel

[ 2017-07-25T13:55:04+08:00 ] ::1 /index.php/Admin/Menu/index
NOTIC: D方法实例化没找到模型类Common\Model\AuthRuleModel

[ 2017-07-25T13:55:19+08:00 ] ::1 /index.php/Admin/Menu/listorders
INFO: [ app_begin ] --START--
INFO: Run Behavior\ReadHtmlCacheBehavior [ RunTime:0.000506s ]
INFO: Run Behavior\CheckLangBehavior [ RunTime:0.001735s ]
INFO: Run Common\Behavior\UrldecodeGetBehavior [ RunTime:0.000352s ]
INFO: [ app_begin ] --END-- [ RunTime:0.003219s ]
INFO: [ admin_begin ] --START--
INFO: Run Common\Behavior\AdminDefaultLangBehavior [ RunTime:0.001349s ]
INFO: [ admin_begin ] --END-- [ RunTime:0.001383s ]
SQL: SHOW COLUMNS FROM `cmf_users` [ RunTime:0.0045s ]
SQL: SELECT * FROM `cmf_users` WHERE `id` = '1' LIMIT 1   [ RunTime:0.0004s ]
SQL: SHOW COLUMNS FROM `cmf_menu` [ RunTime:0.0042s ]
NOTIC: D方法实例化没找到模型类Common\Model\AuthRuleModel
SQL: SHOW COLUMNS FROM `cmf_auth_rule` [ RunTime:0.0038s ]
SQL: UPDATE `cmf_menu` SET `listorder`='0' WHERE `id` = 109 [ RunTime:0.0002s ]
SQL: UPDATE `cmf_menu` SET `listorder`='0' WHERE `id` = 110 [ RunTime:0.0001s ]
SQL: UPDATE `cmf_menu` SET `listorder`='0' WHERE `id` = 111 [ RunTime:0.0001s ]
SQL: UPDATE `cmf_menu` SET `listorder`='0' WHERE `id` = 112 [ RunTime:0.0001s ]
SQL: UPDATE `cmf_menu` SET `listorder`='0' WHERE `id` = 113 [ RunTime:0.0001s ]
SQL: UPDATE `cmf_menu` SET `listorder`='0' WHERE `id` = 114 [ RunTime:0.0001s ]
SQL: UPDATE `cmf_menu` SET `listorder`='0' WHERE `id` = 115 [ RunTime:0.0001s ]
SQL: UPDATE `cmf_menu` SET `listorder`='0' WHERE `id` = 116 [ RunTime:0.0001s ]
SQL: UPDATE `cmf_menu` SET `listorder`='0' WHERE `id` = 117 [ RunTime:0.0001s ]
SQL: UPDATE `cmf_menu` SET `listorder`='0' WHERE `id` = 118 [ RunTime:0.0001s ]
SQL: UPDATE `cmf_menu` SET `listorder`='0' WHERE `id` = 119 [ RunTime:0.0001s ]
SQL: UPDATE `cmf_menu` SET `listorder`='0' WHERE `id` = 120 [ RunTime:0.0001s ]
SQL: UPDATE `cmf_menu` SET `listorder`='0' WHERE `id` = 121 [ RunTime:0.0001s ]
SQL: UPDATE `cmf_menu` SET `listorder`='0' WHERE `id` = 122 [ RunTime:0.0001s ]
SQL: UPDATE `cmf_menu` SET `listorder`='0' WHERE `id` = 123 [ RunTime:0.0002s ]
SQL: UPDATE `cmf_menu` SET `listorder`='0' WHERE `id` = 124 [ RunTime:0.0002s ]
SQL: UPDATE `cmf_menu` SET `listorder`='0' WHERE `id` = 125 [ RunTime:0.0002s ]
SQL: UPDATE `cmf_menu` SET `listorder`='0' WHERE `id` = 126 [ RunTime:0.0001s ]
SQL: UPDATE `cmf_menu` SET `listorder`='0' WHERE `id` = 127 [ RunTime:0.0002s ]
SQL: UPDATE `cmf_menu` SET `listorder`='0' WHERE `id` = 128 [ RunTime:0.0001s ]
SQL: UPDATE `cmf_menu` SET `listorder`='0' WHERE `id` = 166 [ RunTime:0.0002s ]
SQL: UPDATE `cmf_menu` SET `listorder`='0' WHERE `id` = 129 [ RunTime:0.0001s ]
SQL: UPDATE `cmf_menu` SET `listorder`='0' WHERE `id` = 130 [ RunTime:0.0002s ]
SQL: UPDATE `cmf_menu` SET `listorder`='0' WHERE `id` = 156 [ RunTime:0.0001s ]
SQL: UPDATE `cmf_menu` SET `listorder`='0' WHERE `id` = 157 [ RunTime:0.0002s ]
SQL: UPDATE `cmf_menu` SET `listorder`='0' WHERE `id` = 167 [ RunTime:0.0001s ]
SQL: UPDATE `cmf_menu` SET `listorder`='0' WHERE `id` = 168 [ RunTime:0.0001s ]
SQL: UPDATE `cmf_menu` SET `listorder`='1' WHERE `id` = 131 [ RunTime:0.0001s ]
SQL: UPDATE `cmf_menu` SET `listorder`='32' WHERE `id` = 2 [ RunTime:0.0002s ]
SQL: UPDATE `cmf_menu` SET `listorder`='0' WHERE `id` = 3 [ RunTime:0.0001s ]
SQL: UPDATE `cmf_menu` SET `listorder`='10' WHERE `id` = 132 [ RunTime:0.0001s ]
SQL: UPDATE `cmf_menu` SET `listorder`='0' WHERE `id` = 133 [ RunTime:0.0001s ]
SQL: UPDATE `cmf_menu` SET `listorder`='0' WHERE `id` = 134 [ RunTime:0.0001s ]
SQL: UPDATE `cmf_menu` SET `listorder`='0' WHERE `id` = 135 [ RunTime:0.0001s ]
SQL: UPDATE `cmf_menu` SET `listorder`='0' WHERE `id` = 136 [ RunTime:0.0001s ]
SQL: UPDATE `cmf_menu` SET `listorder`='0' WHERE `id` = 137 [ RunTime:0.0001s ]
SQL: UPDATE `cmf_menu` SET `listorder`='0' WHERE `id` = 138 [ RunTime:0.0001s ]
SQL: UPDATE `cmf_menu` SET `listorder`='0' WHERE `id` = 139 [ RunTime:0.0001s ]
SQL: UPDATE `cmf_menu` SET `listorder`='0' WHERE `id` = 140 [ RunTime:0.0001s ]
SQL: UPDATE `cmf_menu` SET `listorder`='1000' WHERE `id` = 141 [ RunTime:0.0001s ]
SQL: UPDATE `cmf_menu` SET `listorder`='1000' WHERE `id` = 142 [ RunTime:0.0001s ]
SQL: UPDATE `cmf_menu` SET `listorder`='0' WHERE `id` = 143 [ RunTime:0.0001s ]
SQL: UPDATE `cmf_menu` SET `listorder`='1000' WHERE `id` = 144 [ RunTime:0.0001s ]
SQL: UPDATE `cmf_menu` SET `listorder`='0' WHERE `id` = 145 [ RunTime:0.0001s ]
SQL: UPDATE `cmf_menu` SET `listorder`='1000' WHERE `id` = 146 [ RunTime:0.0001s ]
SQL: UPDATE `cmf_menu` SET `listorder`='1000' WHERE `id` = 147 [ RunTime:0.0001s ]
SQL: UPDATE `cmf_menu` SET `listorder`='0' WHERE `id` = 148 [ RunTime:0.0001s ]
SQL: UPDATE `cmf_menu` SET `listorder`='0' WHERE `id` = 149 [ RunTime:0.0001s ]
SQL: UPDATE `cmf_menu` SET `listorder`='0' WHERE `id` = 160 [ RunTime:0.0001s ]
SQL: UPDATE `cmf_menu` SET `listorder`='0' WHERE `id` = 161 [ RunTime:0.0001s ]
SQL: UPDATE `cmf_menu` SET `listorder`='1000' WHERE `id` = 150 [ RunTime:0.0001s ]
SQL: UPDATE `cmf_menu` SET `listorder`='1000' WHERE `id` = 151 [ RunTime:0.0001s ]
SQL: UPDATE `cmf_menu` SET `listorder`='0' WHERE `id` = 152 [ RunTime:0.0001s ]
SQL: UPDATE `cmf_menu` SET `listorder`='1000' WHERE `id` = 153 [ RunTime:0.0001s ]
SQL: UPDATE `cmf_menu` SET `listorder`='0' WHERE `id` = 154 [ RunTime:0.0001s ]
SQL: UPDATE `cmf_menu` SET `listorder`='15' WHERE `id` = 188 [ RunTime:0.0001s ]
SQL: UPDATE `cmf_menu` SET `listorder`='0' WHERE `id` = 190 [ RunTime:0.0002s ]
SQL: UPDATE `cmf_menu` SET `listorder`='0' WHERE `id` = 192 [ RunTime:0.0001s ]
SQL: UPDATE `cmf_menu` SET `listorder`='30' WHERE `id` = 1 [ RunTime:0.0001s ]
SQL: UPDATE `cmf_menu` SET `listorder`='0' WHERE `id` = 18 [ RunTime:0.0001s ]
SQL: UPDATE `cmf_menu` SET `listorder`='0' WHERE `id` = 19 [ RunTime:0.0001s ]
SQL: UPDATE `cmf_menu` SET `listorder`='1000' WHERE `id` = 20 [ RunTime:0.0001s ]
SQL: UPDATE `cmf_menu` SET `listorder`='1000' WHERE `id` = 21 [ RunTime:0.0001s ]
SQL: UPDATE `cmf_menu` SET `listorder`='0' WHERE `id` = 22 [ RunTime:0.0001s ]
SQL: UPDATE `cmf_menu` SET `listorder`='1000' WHERE `id` = 23 [ RunTime:0.0001s ]
SQL: UPDATE `cmf_menu` SET `listorder`='0' WHERE `id` = 24 [ RunTime:0.0001s ]
SQL: UPDATE `cmf_menu` SET `listorder`='1' WHERE `id` = 7 [ RunTime:0.0001s ]
SQL: UPDATE `cmf_menu` SET `listorder`='0' WHERE `id` = 8 [ RunTime:0.0001s ]
SQL: UPDATE `cmf_menu` SET `listorder`='0' WHERE `id` = 9 [ RunTime:0.0001s ]
SQL: UPDATE `cmf_menu` SET `listorder`='0' WHERE `id` = 10 [ RunTime:0.0001s ]
SQL: UPDATE `cmf_menu` SET `listorder`='0' WHERE `id` = 169 [ RunTime:0.0001s ]
SQL: UPDATE `cmf_menu` SET `listorder`='1000' WHERE `id` = 11 [ RunTime:0.0001s ]
SQL: UPDATE `cmf_menu` SET `listorder`='1000' WHERE `id` = 12 [ RunTime:0.0002s ]
SQL: UPDATE `cmf_menu` SET `listorder`='1000' WHERE `id` = 13 [ RunTime:0.0001s ]
SQL: UPDATE `cmf_menu` SET `listorder`='1000' WHERE `id` = 14 [ RunTime:0.0001s ]
SQL: UPDATE `cmf_menu` SET `listorder`='0' WHERE `id` = 15 [ RunTime:0.0001s ]
SQL: UPDATE `cmf_menu` SET `listorder`='1000' WHERE `id` = 16 [ RunTime:0.0001s ]
SQL: UPDATE `cmf_menu` SET `listorder`='0' WHERE `id` = 17 [ RunTime:0.0001s ]
SQL: UPDATE `cmf_menu` SET `listorder`='3' WHERE `id` = 4 [ RunTime:0.0001s ]
SQL: UPDATE `cmf_menu` SET `listorder`='0' WHERE `id` = 5 [ RunTime:0.0002s ]
SQL: UPDATE `cmf_menu` SET `listorder`='0' WHERE `id` = 6 [ RunTime:0.0001s ]
SQL: UPDATE `cmf_menu` SET `listorder`='4' WHERE `id` = 25 [ RunTime:0.0001s ]
SQL: UPDATE `cmf_menu` SET `listorder`='0' WHERE `id` = 26 [ RunTime:0.0001s ]
SQL: UPDATE `cmf_menu` SET `listorder`='1000' WHERE `id` = 27 [ RunTime:0.0002s ]
SQL: UPDATE `cmf_menu` SET `listorder`='1000' WHERE `id` = 28 [ RunTime:0.0001s ]
SQL: UPDATE `cmf_menu` SET `listorder`='0' WHERE `id` = 29 [ RunTime:0.0001s ]
SQL: UPDATE `cmf_menu` SET `listorder`='1000' WHERE `id` = 30 [ RunTime:0.0001s ]
SQL: UPDATE `cmf_menu` SET `listorder`='0' WHERE `id` = 31 [ RunTime:0.0001s ]
SQL: UPDATE `cmf_menu` SET `listorder`='5' WHERE `id` = 32 [ RunTime:0.0001s ]
SQL: UPDATE `cmf_menu` SET `listorder`='0' WHERE `id` = 33 [ RunTime:0.0001s ]
SQL: UPDATE `cmf_menu` SET `listorder`='1000' WHERE `id` = 34 [ RunTime:0.0001s ]
SQL: UPDATE `cmf_menu` SET `listorder`='1' WHERE `id` = 36 [ RunTime:0.0001s ]
SQL: UPDATE `cmf_menu` SET `listorder`='1000' WHERE `id` = 37 [ RunTime:0.0001s ]
SQL: UPDATE `cmf_menu` SET `listorder`='1000' WHERE `id` = 38 [ RunTime:0.0001s ]
SQL: UPDATE `cmf_menu` SET `listorder`='35' WHERE `id` = 85 [ RunTime:0.0001s ]
SQL: UPDATE `cmf_menu` SET `listorder`='0' WHERE `id` = 86 [ RunTime:0.0001s ]
SQL: UPDATE `cmf_menu` SET `listorder`='0' WHERE `id` = 87 [ RunTime:0.0001s ]
SQL: UPDATE `cmf_menu` SET `listorder`='0' WHERE `id` = 88 [ RunTime:0.0001s ]
SQL: UPDATE `cmf_menu` SET `listorder`='1000' WHERE `id` = 89 [ RunTime:0.0001s ]
SQL: UPDATE `cmf_menu` SET `listorder`='1000' WHERE `id` = 90 [ RunTime:0.0001s ]
SQL: UPDATE `cmf_menu` SET `listorder`='0' WHERE `id` = 91 [ RunTime:0.0001s ]
SQL: UPDATE `cmf_menu` SET `listorder`='1000' WHERE `id` = 92 [ RunTime:0.0001s ]
SQL: UPDATE `cmf_menu` SET `listorder`='0' WHERE `id` = 93 [ RunTime:0.0001s ]
SQL: UPDATE `cmf_menu` SET `listorder`='0' WHERE `id` = 94 [ RunTime:0.0001s ]
SQL: UPDATE `cmf_menu` SET `listorder`='1000' WHERE `id` = 95 [ RunTime:0.0001s ]
SQL: UPDATE `cmf_menu` SET `listorder`='1000' WHERE `id` = 96 [ RunTime:0.0001s ]
SQL: UPDATE `cmf_menu` SET `listorder`='0' WHERE `id` = 97 [ RunTime:0.0001s ]
SQL: UPDATE `cmf_menu` SET `listorder`='1000' WHERE `id` = 98 [ RunTime:0.0001s ]
SQL: UPDATE `cmf_menu` SET `listorder`='0' WHERE `id` = 99 [ RunTime:0.0001s ]
SQL: UPDATE `cmf_menu` SET `listorder`='0' WHERE `id` = 100 [ RunTime:0.0001s ]
SQL: UPDATE `cmf_menu` SET `listorder`='0' WHERE `id` = 101 [ RunTime:0.0001s ]
SQL: UPDATE `cmf_menu` SET `listorder`='0' WHERE `id` = 102 [ RunTime:0.0001s ]
SQL: UPDATE `cmf_menu` SET `listorder`='0' WHERE `id` = 103 [ RunTime:0.0001s ]
SQL: UPDATE `cmf_menu` SET `listorder`='0' WHERE `id` = 174 [ RunTime:0.0002s ]
SQL: UPDATE `cmf_menu` SET `listorder`='0' WHERE `id` = 175 [ RunTime:0.0001s ]
SQL: UPDATE `cmf_menu` SET `listorder`='0' WHERE `id` = 176 [ RunTime:0.0001s ]
SQL: UPDATE `cmf_menu` SET `listorder`='0' WHERE `id` = 177 [ RunTime:0.0001s ]
SQL: UPDATE `cmf_menu` SET `listorder`='1000' WHERE `id` = 104 [ RunTime:0.0001s ]
SQL: UPDATE `cmf_menu` SET `listorder`='1000' WHERE `id` = 105 [ RunTime:0.0001s ]
SQL: UPDATE `cmf_menu` SET `listorder`='0' WHERE `id` = 106 [ RunTime:0.0001s ]
SQL: UPDATE `cmf_menu` SET `listorder`='1000' WHERE `id` = 107 [ RunTime:0.0002s ]
SQL: UPDATE `cmf_menu` SET `listorder`='1000' WHERE `id` = 108 [ RunTime:0.0001s ]
SQL: UPDATE `cmf_menu` SET `listorder`='40' WHERE `id` = 39 [ RunTime:0.0001s ]
SQL: UPDATE `cmf_menu` SET `listorder`='0' WHERE `id` = 40 [ RunTime:0.0001s ]
SQL: UPDATE `cmf_menu` SET `listorder`='0' WHERE `id` = 41 [ RunTime:0.0001s ]
SQL: UPDATE `cmf_menu` SET `listorder`='0' WHERE `id` = 42 [ RunTime:0.0001s ]
SQL: UPDATE `cmf_menu` SET `listorder`='0' WHERE `id` = 43 [ RunTime:0.0001s ]
SQL: UPDATE `cmf_menu` SET `listorder`='1000' WHERE `id` = 44 [ RunTime:0.0001s ]
SQL: UPDATE `cmf_menu` SET `listorder`='1000' WHERE `id` = 45 [ RunTime:0.0001s ]
SQL: UPDATE `cmf_menu` SET `listorder`='1000' WHERE `id` = 46 [ RunTime:0.0001s ]
SQL: UPDATE `cmf_menu` SET `listorder`='0' WHERE `id` = 47 [ RunTime:0.0001s ]
SQL: UPDATE `cmf_menu` SET `listorder`='0' WHERE `id` = 48 [ RunTime:0.0001s ]
SQL: UPDATE `cmf_menu` SET `listorder`='0' WHERE `id` = 49 [ RunTime:0.0001s ]
SQL: UPDATE `cmf_menu` SET `listorder`='0' WHERE `id` = 50 [ RunTime:0.0001s ]
SQL: UPDATE `cmf_menu` SET `listorder`='0' WHERE `id` = 51 [ RunTime:0.0002s ]
SQL: UPDATE `cmf_menu` SET `listorder`='0' WHERE `id` = 52 [ RunTime:0.0002s ]
SQL: UPDATE `cmf_menu` SET `listorder`='0' WHERE `id` = 155 [ RunTime:0.0002s ]
SQL: UPDATE `cmf_menu` SET `listorder`='1' WHERE `id` = 53 [ RunTime:0.0002s ]
SQL: UPDATE `cmf_menu` SET `listorder`='0' WHERE `id` = 54 [ RunTime:0.0001s ]
SQL: UPDATE `cmf_menu` SET `listorder`='0' WHERE `id` = 55 [ RunTime:0.0001s ]
SQL: UPDATE `cmf_menu` SET `listorder`='0' WHERE `id` = 56 [ RunTime:0.0001s ]
SQL: UPDATE `cmf_menu` SET `listorder`='0' WHERE `id` = 158 [ RunTime:0.0002s ]
SQL: UPDATE `cmf_menu` SET `listorder`='0' WHERE `id` = 159 [ RunTime:0.0001s ]
SQL: UPDATE `cmf_menu` SET `listorder`='1000' WHERE `id` = 57 [ RunTime:0.0001s ]
SQL: UPDATE `cmf_menu` SET `listorder`='1000' WHERE `id` = 58 [ RunTime:0.0001s ]
SQL: UPDATE `cmf_menu` SET `listorder`='0' WHERE `id` = 59 [ RunTime:0.0001s ]
SQL: UPDATE `cmf_menu` SET `listorder`='1000' WHERE `id` = 60 [ RunTime:0.0001s ]
SQL: UPDATE `cmf_menu` SET `listorder`='0' WHERE `id` = 61 [ RunTime:0.0001s ]
SQL: UPDATE `cmf_menu` SET `listorder`='0' WHERE `id` = 62 [ RunTime:0.0001s ]
SQL: UPDATE `cmf_menu` SET `listorder`='1000' WHERE `id` = 63 [ RunTime:0.0001s ]
SQL: UPDATE `cmf_menu` SET `listorder`='1000' WHERE `id` = 64 [ RunTime:0.0001s ]
SQL: UPDATE `cmf_menu` SET `listorder`='0' WHERE `id` = 65 [ RunTime:0.0001s ]
SQL: UPDATE `cmf_menu` SET `listorder`='1000' WHERE `id` = 66 [ RunTime:0.0001s ]
SQL: UPDATE `cmf_menu` SET `listorder`='0' WHERE `id` = 67 [ RunTime:0.0001s ]
SQL: UPDATE `cmf_menu` SET `listorder`='2' WHERE `id` = 68 [ RunTime:0.0001s ]
SQL: UPDATE `cmf_menu` SET `listorder`='0' WHERE `id` = 69 [ RunTime:0.0001s ]
SQL: UPDATE `cmf_menu` SET `listorder`='1000' WHERE `id` = 70 [ RunTime:0.0001s ]
SQL: UPDATE `cmf_menu` SET `listorder`='1000' WHERE `id` = 71 [ RunTime:0.0001s ]
SQL: UPDATE `cmf_menu` SET `listorder`='0' WHERE `id` = 72 [ RunTime:0.0001s ]
SQL: UPDATE `cmf_menu` SET `listorder`='1000' WHERE `id` = 73 [ RunTime:0.0001s ]
SQL: UPDATE `cmf_menu` SET `listorder`='0' WHERE `id` = 74 [ RunTime:0.0001s ]
SQL: UPDATE `cmf_menu` SET `listorder`='3' WHERE `id` = 75 [ RunTime:0.0001s ]
SQL: UPDATE `cmf_menu` SET `listorder`='0' WHERE `id` = 76 [ RunTime:0.0001s ]
SQL: UPDATE `cmf_menu` SET `listorder`='0' WHERE `id` = 77 [ RunTime:0.0001s ]
SQL: UPDATE `cmf_menu` SET `listorder`='1000' WHERE `id` = 78 [ RunTime:0.0002s ]
SQL: UPDATE `cmf_menu` SET `listorder`='1000' WHERE `id` = 79 [ RunTime:0.0001s ]
SQL: UPDATE `cmf_menu` SET `listorder`='0' WHERE `id` = 80 [ RunTime:0.0001s ]
SQL: UPDATE `cmf_menu` SET `listorder`='1000' WHERE `id` = 81 [ RunTime:0.0001s ]
SQL: UPDATE `cmf_menu` SET `listorder`='0' WHERE `id` = 82 [ RunTime:0.0002s ]
SQL: UPDATE `cmf_menu` SET `listorder`='4' WHERE `id` = 83 [ RunTime:0.0001s ]
SQL: UPDATE `cmf_menu` SET `listorder`='0' WHERE `id` = 84 [ RunTime:0.0001s ]

[ 2017-07-25T13:55:19+08:00 ] ::1 /index.php/Admin/Menu/index
NOTIC: D方法实例化没找到模型类Common\Model\AuthRuleModel

[ 2017-07-25T13:55:32+08:00 ] ::1 /index.php/Admin/Menu/index
NOTIC: D方法实例化没找到模型类Common\Model\AuthRuleModel

[ 2017-07-25T13:55:36+08:00 ] ::1 /index.php/Admin/Menu/edit/id/2
NOTIC: D方法实例化没找到模型类Common\Model\AuthRuleModel

[ 2017-07-25T13:55:54+08:00 ] ::1 /index.php/Admin/Menu/index
NOTIC: D方法实例化没找到模型类Common\Model\AuthRuleModel

[ 2017-07-25T13:55:57+08:00 ] ::1 /index.php/Admin/Menu/edit/id/109
NOTIC: D方法实例化没找到模型类Common\Model\AuthRuleModel

[ 2017-07-25T13:56:05+08:00 ] ::1 /index.php/Admin/menu/add
NOTIC: D方法实例化没找到模型类Common\Model\AuthRuleModel

[ 2017-07-25T13:56:06+08:00 ] ::1 /index.php/Admin/menu/index
NOTIC: D方法实例化没找到模型类Common\Model\AuthRuleModel

[ 2017-07-25T13:56:08+08:00 ] ::1 /index.php/Admin/Menu/edit/id/2
NOTIC: D方法实例化没找到模型类Common\Model\AuthRuleModel

[ 2017-07-25T13:58:27+08:00 ] ::1 /index.php/Admin/Menu/edit_post
INFO: [ app_begin ] --START--
INFO: Run Behavior\ReadHtmlCacheBehavior [ RunTime:0.000481s ]
INFO: Run Behavior\CheckLangBehavior [ RunTime:0.001288s ]
INFO: Run Common\Behavior\UrldecodeGetBehavior [ RunTime:0.000392s ]
INFO: [ app_begin ] --END-- [ RunTime:0.002544s ]
INFO: [ admin_begin ] --START--
INFO: Run Common\Behavior\AdminDefaultLangBehavior [ RunTime:0.001426s ]
INFO: [ admin_begin ] --END-- [ RunTime:0.001470s ]
SQL: SHOW COLUMNS FROM `cmf_users` [ RunTime:0.0156s ]
SQL: SELECT * FROM `cmf_users` WHERE `id` = '1' LIMIT 1   [ RunTime:0.0003s ]
SQL: SHOW COLUMNS FROM `cmf_menu` [ RunTime:0.0051s ]
NOTIC: D方法实例化没找到模型类Common\Model\AuthRuleModel
SQL: SHOW COLUMNS FROM `cmf_auth_rule` [ RunTime:0.0039s ]
SQL: SELECT * FROM `cmf_menu` WHERE `id` = 2 LIMIT 1   [ RunTime:0.0002s ]
NOTIC: [8] Undefined index: validate D:\AppServ\www\simplewind\Core\Library\Think\Model.class.php 第 1185 行.
SQL: SELECT `id` FROM `cmf_menu` WHERE `app` = 'Api' AND `model` = 'Guestbookadmin' AND `action` = 'index' LIMIT 1   [ RunTime:0.0002s ]
NOTIC: [8] Undefined index: auto D:\AppServ\www\simplewind\Core\Library\Think\Model.class.php 第 1128 行.
SQL: UPDATE `cmf_menu` SET `parentid`='0',`name`='所有留言',`app`='Api',`model`='Guestbookadmin',`action`='index',`data`='',`icon`='comments',`remark`='',`status`='1',`type`='1' WHERE `id` = 2 [ RunTime:0.0002s ]
SQL: SELECT COUNT(*) AS tp_count FROM `cmf_auth_rule` WHERE `name` = 'api/guestbookadmin/index' LIMIT 1   [ RunTime:0.0002s ]
SQL: UPDATE `cmf_auth_rule` SET `name`='api/guestbookadmin/index',`module`='Api',`type`='admin_url',`title`='所有留言' WHERE `name` = 'api/guestbookadmin/index' [ RunTime:0.0007s ]
SQL: SELECT * FROM `cmf_menu` WHERE `app` = 'Api' ORDER BY `listorder` ASC,`app` ASC,`model` ASC,`action` ASC  [ RunTime:0.0003s ]
NOTIC: [2] mkdir(): File exists D:\AppServ\www\application\Admin\Controller\MenuController.class.php 第 247 行.

[ 2017-07-25T13:58:27+08:00 ] ::1 /index.php/Admin/Menu/edit/id/2
NOTIC: D方法实例化没找到模型类Common\Model\AuthRuleModel

